<?xml version="1.0" encoding="UTF-8"?>
<!-- Generated by org.testng.reporters.JUnitXMLReporter -->
<testsuite hostname="BLRT-SW003L" ignored="0" name="Default test" tests="1" failures="0" timestamp="30 Oct 2020 04:25:47 GMT" time="2.132" errors="0">
  <testcase name="@BeforeClass browserSetupTest" time="0.0" classname="test.BlazeDemoTravelAgency">
    <failure type="java.lang.NoSuchMethodError" message="com.google.common.base.Throwables.throwIfUnchecked(Ljava/lang/Throwable;)V">
      <![CDATA[java.lang.NoSuchMethodError: com.google.common.base.Throwables.throwIfUnchecked(Ljava/lang/Throwable;)V
	at org.openqa.selenium.remote.service.DriverCommandExecutor.execute(DriverCommandExecutor.java:91)
	at org.openqa.selenium.remote.RemoteWebDriver.execute(RemoteWebDriver.java:582)
	at org.openqa.selenium.remote.RemoteWebDriver.startSession(RemoteWebDriver.java:216)
	at org.openqa.selenium.remote.RemoteWebDriver.<init>(RemoteWebDriver.java:136)
	at org.openqa.selenium.chromium.ChromiumDriver.<init>(ChromiumDriver.java:75)
	at org.openqa.selenium.chrome.ChromeDriver.<init>(ChromeDriver.java:163)
	at org.openqa.selenium.chrome.ChromeDriver.<init>(ChromeDriver.java:150)
	at org.openqa.selenium.chrome.ChromeDriver.<init>(ChromeDriver.java:105)
	at test.BlazeDemoTravelAgency.browserSetupTest(BlazeDemoTravelAgency.java:35)
	at sun.reflect.NativeMethodAccessorImpl.invoke0(Native Method)
	at sun.reflect.NativeMethodAccessorImpl.invoke(Unknown Source)
	at sun.reflect.DelegatingMethodAccessorImpl.invoke(Unknown Source)
	at java.lang.reflect.Method.invoke(Unknown Source)
	at org.testng.internal.MethodInvocationHelper.invokeMethod(MethodInvocationHelper.java:104)
	at org.testng.internal.Invoker.invokeConfigurationMethod(Invoker.java:515)
	at org.testng.internal.Invoker.invokeConfigurations(Invoker.java:217)
	at org.testng.internal.Invoker.invokeConfigurations(Invoker.java:144)
	at org.testng.internal.TestMethodWorker.invokeBeforeClassMethods(TestMethodWorker.java:169)
	at org.testng.internal.TestMethodWorker.run(TestMethodWorker.java:108)
	at org.testng.TestRunner.privateRun(TestRunner.java:756)
	at org.testng.TestRunner.run(TestRunner.java:610)
	at org.testng.SuiteRunner.runTest(SuiteRunner.java:387)
	at org.testng.SuiteRunner.runSequentially(SuiteRunner.java:382)
	at org.testng.SuiteRunner.privateRun(SuiteRunner.java:340)
	at org.testng.SuiteRunner.run(SuiteRunner.java:289)
	at org.testng.SuiteRunnerWorker.runSuite(SuiteRunnerWorker.java:52)
	at org.testng.SuiteRunnerWorker.run(SuiteRunnerWorker.java:86)
	at org.testng.TestNG.runSuitesSequentially(TestNG.java:1293)
	at org.testng.TestNG.runSuitesLocally(TestNG.java:1218)
	at org.testng.TestNG.runSuites(TestNG.java:1133)
	at org.testng.TestNG.run(TestNG.java:1104)
	at org.testng.remote.AbstractRemoteTestNG.run(AbstractRemoteTestNG.java:132)
	at org.testng.remote.RemoteTestNG.initAndRun(RemoteTestNG.java:236)
	at org.testng.remote.RemoteTestNG.main(RemoteTestNG.java:81)
]]>
    </failure>
  </testcase> <!-- @BeforeClass browserSetupTest -->
  <testcase name="@AfterClass tearDownTest" time="0.0" classname="test.BlazeDemoTravelAgency">
    <skipped/>
  </testcase> <!-- @AfterClass tearDownTest -->
  <testcase name="openWebsite" time="0.002" classname="test.BlazeDemoTravelAgency">
    <skipped/>
  </testcase> <!-- openWebsite -->
</testsuite> <!-- Default test -->
